<?xml version="1.0" encoding="UTF-8"?>
<testng-results ignored="0" total="1" passed="1" failed="0" skipped="0">
  <reporter-output>
  </reporter-output>
  <suite started-at="2023-10-13T12:18:54 IST" name="Default suite" finished-at="2023-10-13T12:19:20 IST" duration-ms="26091">
    <groups>
    </groups>
    <test started-at="2023-10-13T12:18:54 IST" name="Default test" finished-at="2023-10-13T12:19:20 IST" duration-ms="26091">
      <class name="functional.Clear">
        <test-method signature="startup()[pri:0, instance:functional.Clear@563f38c4]" started-at="2023-10-13T12:18:54 IST" name="startup" finished-at="2023-10-13T12:19:20 IST" duration-ms="26032" status="PASS">
          <reporter-output>
          </reporter-output>
        </test-method> <!-- startup -->
      </class> <!-- functional.Clear -->
    </test> <!-- Default test -->
  </suite> <!-- Default suite -->
</testng-results>
